This is pdfTeX, Version 3.1415926-2.5-1.40.14 (TeX Live 2013/Debian) (format=pdflatex 2014.5.22)  17 JUN 2014 01:02
entering extended mode
 restricted \write18 enabled.
 %&-line parsing enabled.
**Modelo-PPgSC.tex
(./Modelo-PPgSC.tex
LaTeX2e <2011/06/27>
Babel <3.9h> and hyphenation patterns for 78 languages loaded.
(./abnt.cls (./cvs-id.def)
Document Class: abnt 2004/11/02 v1.27.2.1 Classe abnt (NBR6024, NBR6027, NBR602
8, NBR14724)
(/usr/share/texlive/texmf-dist/tex/latex/base/ifthen.sty
Package: ifthen 2001/05/26 v1.1c Standard LaTeX ifthen package (DPC)
)
(/usr/share/texlive/texmf-dist/tex/latex/tools/calc.sty
Package: calc 2007/08/22 v4.3 Infix arithmetic (KKT,FJ)
\calc@Acount=\count79
\calc@Bcount=\count80
\calc@Adimen=\dimen102
\calc@Bdimen=\dimen103
\calc@Askip=\skip41
\calc@Bskip=\skip42
LaTeX Info: Redefining \setlength on input line 76.
LaTeX Info: Redefining \addtolength on input line 77.
\calc@Ccount=\count81
\calc@Cskip=\skip43
)
(/usr/share/texlive/texmf-dist/tex/latex/tools/multicol.sty
Package: multicol 2011/06/27 v1.7a multicolumn formatting (FMi)
\c@tracingmulticols=\count82
\mult@box=\box26
\multicol@leftmargin=\dimen104
\c@unbalance=\count83
\c@collectmore=\count84
\doublecol@number=\count85
\multicoltolerance=\count86
\multicolpretolerance=\count87
\full@width=\dimen105
\page@free=\dimen106
\premulticols=\dimen107
\postmulticols=\dimen108
\multicolsep=\skip44
\multicolbaselineskip=\skip45
\partial@page=\box27
\last@line=\box28
\mult@rightbox=\box29
\mult@grightbox=\box30
\mult@gfirstbox=\box31
\mult@firstbox=\box32
\@tempa=\box33
\@tempa=\box34
\@tempa=\box35
\@tempa=\box36
\@tempa=\box37
\@tempa=\box38
\@tempa=\box39
\@tempa=\box40
\@tempa=\box41
\@tempa=\box42
\@tempa=\box43
\@tempa=\box44
\@tempa=\box45
\@tempa=\box46
\@tempa=\box47
\@tempa=\box48
\@tempa=\box49
\c@columnbadness=\count88
\c@finalcolumnbadness=\count89
\last@try=\dimen109
\multicolovershoot=\dimen110
\multicolundershoot=\dimen111
\mult@nat@firstbox=\box50
\colbreak@box=\box51
\multicol@sort@counter=\count90
)
(/usr/share/texlive/texmf-dist/tex/latex/base/report.cls
Document Class: report 2007/10/19 v1.4h Standard LaTeX document class
(/usr/share/texlive/texmf-dist/tex/latex/base/size12.clo
File: size12.clo 2007/10/19 v1.4h Standard LaTeX file (size option)
)
\c@part=\count91
\c@chapter=\count92
\c@section=\count93
\c@subsection=\count94
\c@subsubsection=\count95
\c@paragraph=\count96
\c@subparagraph=\count97
\c@figure=\count98
\c@table=\count99
\abovecaptionskip=\skip46
\belowcaptionskip=\skip47
\bibindent=\dimen112
) (./setspace.sty
Package: setspace 2000/12/01 6.7 Contributed and Supported LaTeX2e package

Package: `setspace' 6.7 <2000/12/01>
)
\ABNTanapindent=\skip48
\ABNTsignwidth=\skip49
\ABNTsignthickness=\skip50
\ABNTsignskip=\skip51
 (/usr/share/texlive/texmf-dist/tex/latex/tools/indentfirst.sty
Package: indentfirst 1995/11/23 v1.03 Indent first paragraph (DPC)
))
(/usr/share/texlive/texmf-dist/tex/generic/babel/babel.sty
Package: babel 2013/12/03 3.9h The Babel package

(/usr/share/texlive/texmf-dist/tex/generic/babel-portuges/portuges.ldf
Language: portuges 2008/03/18 v1.2q Portuguese support from the babel system

(/usr/share/texlive/texmf-dist/tex/generic/babel/babel.def
File: babel.def 2013/12/03 3.9h Babel common definitions
\babel@savecnt=\count100
\U@D=\dimen113
)
\l@brazil = a dialect from \language\l@portuges 
Package babel Info: Making " an active character on input line 145.
))
(/usr/share/texlive/texmf-dist/tex/latex/base/inputenc.sty
Package: inputenc 2008/03/30 v1.1d Input encoding file
\inpenc@prehook=\toks14
\inpenc@posthook=\toks15

(/usr/share/texlive/texmf-dist/tex/latex/base/latin1.def
File: latin1.def 2008/03/30 v1.1d Input encoding file
))
(/usr/share/texlive/texmf-dist/tex/latex/base/fontenc.sty
Package: fontenc 2005/09/27 v1.99g Standard LaTeX package

(/usr/share/texlive/texmf-dist/tex/latex/base/t1enc.def
File: t1enc.def 2005/09/27 v1.99g Standard LaTeX file
LaTeX Font Info:    Redeclaring font encoding T1 on input line 43.
)) (./dsfont.sty
Package: dsfont 1995/08/01 v0.1 Double stroke roman fonts
)
(/usr/share/texlive/texmf-dist/tex/latex/amsfonts/amssymb.sty
Package: amssymb 2013/01/14 v3.01 AMS font symbols

(/usr/share/texlive/texmf-dist/tex/latex/amsfonts/amsfonts.sty
Package: amsfonts 2013/01/14 v3.01 Basic AMSFonts support
\@emptytoks=\toks16
\symAMSa=\mathgroup4
\symAMSb=\mathgroup5
LaTeX Font Info:    Overwriting math alphabet `\mathfrak' in version `bold'
(Font)                  U/euf/m/n --> U/euf/b/n on input line 106.
))
(/usr/share/texlive/texmf-dist/tex/latex/amsmath/amsmath.sty
Package: amsmath 2013/01/14 v2.14 AMS math features
\@mathmargin=\skip52

For additional information on amsmath, use the `?' option.
(/usr/share/texlive/texmf-dist/tex/latex/amsmath/amstext.sty
Package: amstext 2000/06/29 v2.01

(/usr/share/texlive/texmf-dist/tex/latex/amsmath/amsgen.sty
File: amsgen.sty 1999/11/30 v2.0
\@emptytoks=\toks17
\ex@=\dimen114
))
(/usr/share/texlive/texmf-dist/tex/latex/amsmath/amsbsy.sty
Package: amsbsy 1999/11/29 v1.2d
\pmbraise@=\dimen115
)
(/usr/share/texlive/texmf-dist/tex/latex/amsmath/amsopn.sty
Package: amsopn 1999/12/14 v2.01 operator names
)
\inf@bad=\count101
LaTeX Info: Redefining \frac on input line 210.
\uproot@=\count102
\leftroot@=\count103
LaTeX Info: Redefining \overline on input line 306.
\classnum@=\count104
\DOTSCASE@=\count105
LaTeX Info: Redefining \ldots on input line 378.
LaTeX Info: Redefining \dots on input line 381.
LaTeX Info: Redefining \cdots on input line 466.
\Mathstrutbox@=\box52
\strutbox@=\box53
\big@size=\dimen116
LaTeX Font Info:    Redeclaring font encoding OML on input line 566.
LaTeX Font Info:    Redeclaring font encoding OMS on input line 567.
\macc@depth=\count106
\c@MaxMatrixCols=\count107
\dotsspace@=\muskip10
\c@parentequation=\count108
\dspbrk@lvl=\count109
\tag@help=\toks18
\row@=\count110
\column@=\count111
\maxfields@=\count112
\andhelp@=\toks19
\eqnshift@=\dimen117
\alignsep@=\dimen118
\tagshift@=\dimen119
\tagwidth@=\dimen120
\totwidth@=\dimen121
\lineht@=\dimen122
\@envbody=\toks20
\multlinegap=\skip53
\multlinetaggap=\skip54
\mathdisplay@stack=\toks21
LaTeX Info: Redefining \[ on input line 2665.
LaTeX Info: Redefining \] on input line 2666.
) (./multirow.sty
\bigstrutjot=\dimen123
)
(./abntcite.sty (./cvs-id.def)
Package: abntcite 2003/10/13 v1.26 Chamadas de referencias no texto (NBR10520)
 (./abntex-abrev.sty (./cvs-id.def)
Package: abntex-abrev 2003/10/13 v1.3 Abreviacoes

(./nbr10522-1988.def (./cvs-id.def)
File: nbr10522-1988.def 2003/10/13 v1.2 Abreviacoes bibliograficas (NBR10522:19
88)
) (./abntex-abrev-pt_BR.def (./cvs-id.def)
File: abntex-abrev-pt_BR.def 2003/10/13 v1.2 definicao de abntex-abrev, traduca
o de termos en_US/pt_BR
)) (./nbr10520-2002.def (./cvs-id.def)
File: nbr10520-2002.def 2003/10/13 v1.2 Definicoes para abntcite (NBR10520:2002
)
)
\minimumbiblabelwidth=\skip55
\ABCIauxlen=\skip56
\c@ABCIaux=\count113
\c@ABCImax=\count114

(/usr/share/texlive/texmf-dist/tex/latex/relsize/relsize.sty
Package: relsize 2013/03/29 ver 4.1
)
\biblabelsep=\skip57
LaTeX Info: Redefining \newblock on input line 562.
LaTeX Info: Redefining \cite on input line 589.
\ABCItoken=\toks22
)
(/usr/share/texlive/texmf-dist/tex/latex/graphics/color.sty
Package: color 2005/11/14 v1.0j Standard LaTeX Color (DPC)

(/usr/share/texlive/texmf-dist/tex/latex/latexconfig/color.cfg
File: color.cfg 2007/01/18 v1.5 color configuration of teTeX/TeXLive
)
Package color Info: Driver file: pdftex.def on input line 130.

(/usr/share/texlive/texmf-dist/tex/latex/pdftex-def/pdftex.def
File: pdftex.def 2011/05/27 v0.06d Graphics/color for pdfTeX

(/usr/share/texlive/texmf-dist/tex/generic/oberdiek/infwarerr.sty
Package: infwarerr 2010/04/08 v1.3 Providing info/warning/error messages (HO)
)
(/usr/share/texlive/texmf-dist/tex/generic/oberdiek/ltxcmds.sty
Package: ltxcmds 2011/11/09 v1.22 LaTeX kernel commands for general use (HO)
)
\Gread@gobject=\count115
))
(/usr/share/texlive/texmf-dist/tex/latex/graphics/graphicx.sty
Package: graphicx 1999/02/16 v1.0f Enhanced LaTeX Graphics (DPC,SPQR)

(/usr/share/texlive/texmf-dist/tex/latex/graphics/keyval.sty
Package: keyval 1999/03/16 v1.13 key=value parser (DPC)
\KV@toks@=\toks23
)
(/usr/share/texlive/texmf-dist/tex/latex/graphics/graphics.sty
Package: graphics 2009/02/05 v1.0o Standard LaTeX Graphics (DPC,SPQR)

(/usr/share/texlive/texmf-dist/tex/latex/graphics/trig.sty
Package: trig 1999/03/16 v1.09 sin cos tan (DPC)
)
(/usr/share/texlive/texmf-dist/tex/latex/latexconfig/graphics.cfg
File: graphics.cfg 2010/04/23 v1.9 graphics configuration of TeX Live
)
Package graphics Info: Driver file: pdftex.def on input line 91.
)
\Gin@req@height=\dimen124
\Gin@req@width=\dimen125
)
(/usr/share/texlive/texmf-dist/tex/latex/colortbl/colortbl.sty
Package: colortbl 2012/02/13 v1.0a Color table columns (DPC)

(/usr/share/texlive/texmf-dist/tex/latex/tools/array.sty
Package: array 2008/09/09 v2.4c Tabular extension package (FMi)
\col@sep=\dimen126
\extrarowheight=\dimen127
\NC@list=\toks24
\extratabsurround=\skip58
\backup@length=\skip59
)
\everycr=\toks25
\minrowclearance=\skip60
)
(/usr/share/texlive/texmf-dist/tex/latex/url/url.sty
\Urlmuskip=\muskip11
Package: url 2013/09/16  ver 3.4  Verb mode for urls, etc.
) (./abnt-alf.sty
Package: abnt-alf 2002/06/24
)
(/usr/share/texlive/texmf-dist/tex/latex/algorithms/algorithm.sty
Package: algorithm 2009/08/24 v0.1 Document Style `algorithm' - floating enviro
nment

(/usr/share/texlive/texmf-dist/tex/latex/float/float.sty
Package: float 2001/11/08 v1.3d Float enhancements (AL)
\c@float@type=\count116
\float@exts=\toks26
\float@box=\box54
\@float@everytoks=\toks27
\@floatcapt=\box55
)
\@float@every@algorithm=\toks28
\c@algorithm=\count117
)
(/usr/share/texlive/texmf-dist/tex/latex/algorithms/algorithmic.sty
Package: algorithmic 2009/08/24 v0.1 Document Style `algorithmic'
\c@ALC@unique=\count118
\c@ALC@line=\count119
\c@ALC@rem=\count120
\c@ALC@depth=\count121
\ALC@tlm=\skip61
\algorithmicindent=\skip62
)
(./Modelo-PPgSC.aux (./Includes/Capa.aux) (./Includes/FolhaRosto.aux)
(./Includes/FolhaAprovacao.aux) (./Includes/Dedicatoria.aux)
(./Includes/Agradecimentos.aux) (./Includes/Epigrafe.aux)
(./Includes/Resumo.aux) (./Includes/Abstract.aux) (./Capitulos/Introducao.aux)
(./Capitulos/Capitulo2.aux) (./Capitulos/Capitulo3.aux)
(./Capitulos/Capitulo4.aux) (./Capitulos/Capitulo5.aux)
(./Capitulos/Consideracoes.aux) (./Capitulos/ApendiceA.aux)
(./Capitulos/AnexoA.aux))
\openout1 = `Modelo-PPgSC.aux'.

LaTeX Font Info:    Checking defaults for OML/cmm/m/it on input line 97.
LaTeX Font Info:    ... okay on input line 97.
LaTeX Font Info:    Checking defaults for T1/cmr/m/n on input line 97.
LaTeX Font Info:    ... okay on input line 97.
LaTeX Font Info:    Checking defaults for OT1/cmr/m/n on input line 97.
LaTeX Font Info:    ... okay on input line 97.
LaTeX Font Info:    Checking defaults for OMS/cmsy/m/n on input line 97.
LaTeX Font Info:    ... okay on input line 97.
LaTeX Font Info:    Checking defaults for OMX/cmex/m/n on input line 97.
LaTeX Font Info:    ... okay on input line 97.
LaTeX Font Info:    Checking defaults for U/cmr/m/n on input line 97.
LaTeX Font Info:    ... okay on input line 97.

(/usr/share/texlive/texmf-dist/tex/context/base/supp-pdf.mkii
[Loading MPS to PDF converter (version 2006.09.02).]
\scratchcounter=\count122
\scratchdimen=\dimen128
\scratchbox=\box56
\nofMPsegments=\count123
\nofMParguments=\count124
\everyMPshowfont=\toks29
\MPscratchCnt=\count125
\MPscratchDim=\dimen129
\MPnumerator=\count126
\makeMPintoPDFobject=\count127
\everyMPtoPDFconversion=\toks30
) (/usr/share/texlive/texmf-dist/tex/generic/oberdiek/pdftexcmds.sty
Package: pdftexcmds 2011/11/29 v0.20 Utility functions of pdfTeX for LuaTeX (HO
)

(/usr/share/texlive/texmf-dist/tex/generic/oberdiek/ifluatex.sty
Package: ifluatex 2010/03/01 v1.3 Provides the ifluatex switch (HO)
Package ifluatex Info: LuaTeX not detected.
)
(/usr/share/texlive/texmf-dist/tex/generic/oberdiek/ifpdf.sty
Package: ifpdf 2011/01/30 v2.3 Provides the ifpdf switch (HO)
Package ifpdf Info: pdfTeX in PDF mode is detected.
)
Package pdftexcmds Info: LuaTeX not detected.
Package pdftexcmds Info: \pdf@primitive is available.
Package pdftexcmds Info: \pdf@ifprimitive is available.
Package pdftexcmds Info: \pdfdraftmode found.
)
(/usr/share/texlive/texmf-dist/tex/latex/oberdiek/epstopdf-base.sty
Package: epstopdf-base 2010/02/09 v2.5 Base part for package epstopdf

(/usr/share/texlive/texmf-dist/tex/latex/oberdiek/grfext.sty
Package: grfext 2010/08/19 v1.1 Manage graphics extensions (HO)

(/usr/share/texlive/texmf-dist/tex/generic/oberdiek/kvdefinekeys.sty
Package: kvdefinekeys 2011/04/07 v1.3 Define keys (HO)
))
(/usr/share/texlive/texmf-dist/tex/latex/oberdiek/kvoptions.sty
Package: kvoptions 2011/06/30 v3.11 Key value format for package options (HO)

(/usr/share/texlive/texmf-dist/tex/generic/oberdiek/kvsetkeys.sty
Package: kvsetkeys 2012/04/25 v1.16 Key value parser (HO)

(/usr/share/texlive/texmf-dist/tex/generic/oberdiek/etexcmds.sty
Package: etexcmds 2011/02/16 v1.5 Avoid name clashes with e-TeX commands (HO)
Package etexcmds Info: Could not find \expanded.
(etexcmds)             That can mean that you are not using pdfTeX 1.50 or
(etexcmds)             that some package has redefined \expanded.
(etexcmds)             In the latter case, load this package earlier.
)))
Package grfext Info: Graphics extension search list:
(grfext)             [.png,.pdf,.jpg,.mps,.jpeg,.jbig2,.jb2,.PNG,.PDF,.JPG,.JPE
G,.JBIG2,.JB2,.eps]
(grfext)             \AppendGraphicsExtensions on input line 452.

(/usr/share/texlive/texmf-dist/tex/latex/latexconfig/epstopdf-sys.cfg
File: epstopdf-sys.cfg 2010/07/13 v1.3 Configuration of (r)epstopdf for TeX Liv
e
))
\openout2 = `Includes/Capa.aux'.


(./Includes/Capa.tex <Imagens/Brasao-UFRN.jpg, id=1, 49.6254pt x 57.3342pt>
File: Imagens/Brasao-UFRN.jpg Graphic file (type jpg)

<use Imagens/Brasao-UFRN.jpg>
Package pdftex.def Info: Imagens/Brasao-UFRN.jpg used on input line 14.
(pdftex.def)             Requested size: 64.01851pt x 76.2605pt.
LaTeX Font Info:    Try loading font information for U+msa on input line 16.

(/usr/share/texlive/texmf-dist/tex/latex/amsfonts/umsa.fd
File: umsa.fd 2013/01/14 v3.01 AMS symbols A
)
LaTeX Font Info:    Try loading font information for U+msb on input line 16.

(/usr/share/texlive/texmf-dist/tex/latex/amsfonts/umsb.fd
File: umsb.fd 2013/01/14 v3.01 AMS symbols B
)
<Imagens/Logotipo-DIMAp.png, id=2, 461.65785pt x 376.09404pt>
File: Imagens/Logotipo-DIMAp.png Graphic file (type png)

<use Imagens/Logotipo-DIMAp.png>
Package pdftex.def Info: Imagens/Logotipo-DIMAp.png used on input line 31.
(pdftex.def)             Requested size: 71.6971pt x 55.76318pt.

Overfull \hbox (6.25568pt too wide) in paragraph at lines 31--32
 [] 
 []

[1


{/var/lib/texmf/fonts/map/pdftex/updmap/pdftex.map} <./Imagens/Brasao-UFRN.jpg>
 <./Imagens/Logotipo-DIMAp.png>])
\openout2 = `Includes/FolhaRosto.aux'.

 (./Includes/FolhaRosto.tex
Underfull \hbox (badness 1122) in paragraph at lines 27--27
\T1/cmr/m/n/12 grama de Pós-Graduação em Sis-te-mas e
 []

[1


])
\openout2 = `Includes/FolhaAprovacao.aux'.

 (./Includes/FolhaAprovacao.tex [2



])
\openout2 = `Includes/Dedicatoria.aux'.

 (./Includes/Dedicatoria.tex) [3




]
\openout2 = `Includes/Agradecimentos.aux'.


(./Includes/Agradecimentos.tex) [4



]
\openout2 = `Includes/Epigrafe.aux'.

 (./Includes/Epigrafe.tex) [5



]
\openout2 = `Includes/Resumo.aux'.


(./Includes/Resumo.tex) [6


]
\openout2 = `Includes/Abstract.aux'.

 (./Includes/Abstract.tex) [7


] (./Modelo-PPgSC.lof)
\tf@lof=\write3
\openout3 = `Modelo-PPgSC.lof'.


[8


] (./Modelo-PPgSC.lot)
\tf@lot=\write4
\openout4 = `Modelo-PPgSC.lot'.

 [9

] (./Modelo-PPgSC.loab)
\tf@loab=\write5
\openout5 = `Modelo-PPgSC.loab'.

 [10

] (./Modelo-PPgSC.los)
\tf@los=\write6
\openout6 = `Modelo-PPgSC.los'.


[11

] (./Modelo-PPgSC.toc [12

])
\tf@toc=\write7
\openout7 = `Modelo-PPgSC.toc'.

 [13]
\openout2 = `Capitulos/Introducao.aux'.

 (./Capitulos/Introducao.tex
Cap\'{\i }tulo 1.
) [14



]
\openout2 = `Capitulos/Capitulo2.aux'.

 (./Capitulos/Capitulo2.tex
Cap\'{\i }tulo 2.
LaTeX Font Info:    Try loading font information for OMS+cmr on input line 9.
(/usr/share/texlive/texmf-dist/tex/latex/base/omscmr.fd
File: omscmr.fd 1999/05/25 v2.5h Standard LaTeX font definitions
)
LaTeX Font Info:    Font shape `OMS/cmr/m/n' in size <12> not available
(Font)              Font shape `OMS/cmsy/m/n' tried instead on input line 9.

<Imagens/FiguraTeste.png, id=68, 381.67593pt x 192.72pt>
File: Imagens/FiguraTeste.png Graphic file (type png)

<use Imagens/FiguraTeste.png>
Package pdftex.def Info: Imagens/FiguraTeste.png used on input line 23.
(pdftex.def)             Requested size: 286.25624pt x 144.53963pt.
LaTeX Font Info:    Try loading font information for T1+cmss on input line 24.

(/usr/share/texlive/texmf-dist/tex/latex/base/t1cmss.fd
File: t1cmss.fd 1999/05/25 v2.5h Standard LaTeX font definitions
) [15



]) [16 <./Imagens/FiguraTeste.png>]
\openout2 = `Capitulos/Capitulo3.aux'.

 (./Capitulos/Capitulo3.tex
Cap\'{\i }tulo 3.
[17



]
Underfull \hbox (badness 2556) in paragraph at lines 37--38
[]|\T1/cmr/m/n/12 Texto mais ex-tenso,
 []


Underfull \hbox (badness 2213) in paragraph at lines 37--38
\T1/cmr/m/n/12 que re-quer mais de
 []

[18]) [19]
\openout2 = `Capitulos/Capitulo4.aux'.

 (./Capitulos/Capitulo4.tex
Cap\'{\i }tulo 4.
) [20



]
\openout2 = `Capitulos/Capitulo5.aux'.

 (./Capitulos/Capitulo5.tex
Cap\'{\i }tulo 5.

LaTeX Warning: Citation `PaquetePhD' on page 21 undefined on input line 13.


LaTeX Warning: Citation `KnowlesBoundedLebesgue' on page 21 undefined on input 
line 13.


LaTeX Warning: Citation `KnowlesBoundedPareto' on page 21 undefined on input li
ne 13.


LaTeX Warning: Citation `Jaszkiewicz' on page 21 undefined on input line 13.


LaTeX Warning: Citation `LopezPaqueteStu' on page 21 undefined on input line 13
.


LaTeX Warning: Citation `Jaszkiewicz' on page 21 undefined on input line 13.


LaTeX Warning: Citation `Silberschatz' on page 21 undefined on input line 15.


LaTeX Warning: Citation `DB2XML' on page 21 undefined on input line 15.


LaTeX Warning: Citation `Angelo' on page 21 undefined on input line 15.

) [21



] [22]
\openout2 = `Capitulos/Consideracoes.aux'.

 (./Capitulos/Consideracoes.tex
Cap\'{\i }tulo 6.
) [23



]
No file Modelo-PPgSC.bbl.
\openout2 = `Capitulos/ApendiceA.aux'.

(./Capitulos/ApendiceA.tex
Apendice A.
) [24



]
\openout2 = `Capitulos/AnexoA.aux'.

 (./Capitulos/AnexoA.tex
Anexo A.
) [25



]
+-------------------------------------------------------------------+
| Comentario, sugestao ou critica sobre o abnTeX? Entre em contato: |
|                  http://abntex.codigolivre.org.br                 |
+-------------------------------------------------------------------+
(./Modelo-PPgSC.aux (./Includes/Capa.aux) (./Includes/FolhaRosto.aux)
(./Includes/FolhaAprovacao.aux) (./Includes/Dedicatoria.aux)
(./Includes/Agradecimentos.aux) (./Includes/Epigrafe.aux)
(./Includes/Resumo.aux) (./Includes/Abstract.aux) (./Capitulos/Introducao.aux)
(./Capitulos/Capitulo2.aux) (./Capitulos/Capitulo3.aux)
(./Capitulos/Capitulo4.aux) (./Capitulos/Capitulo5.aux)
(./Capitulos/Consideracoes.aux) (./Capitulos/ApendiceA.aux)
(./Capitulos/AnexoA.aux))

LaTeX Warning: There were undefined references.

 ) 
Here is how much of TeX's memory you used:
 4637 strings out of 493304
 61800 string characters out of 6139871
 136592 words of memory out of 5000000
 7788 multiletter control sequences out of 15000+600000
 34187 words of font info for 93 fonts, out of 8000000 for 9000
 959 hyphenation exceptions out of 8191
 38i,13n,26p,1025b,340s stack positions out of 5000i,500n,10000p,200000b,80000s
{/usr/share/texmf/fonts/enc/dvips/cm-super/cm-super-t1.enc}</usr/share/texliv
e/texmf-dist/fonts/type1/public/amsfonts/cm/cmmi12.pfb></usr/share/texlive/texm
f-dist/fonts/type1/public/amsfonts/cm/cmr12.pfb></usr/share/texlive/texmf-dist/
fonts/type1/public/amsfonts/cm/cmsy10.pfb></usr/share/texmf/fonts/type1/public/
cm-super/sfbx1200.pfb></usr/share/texmf/fonts/type1/public/cm-super/sfbx1440.pf
b></usr/share/texmf/fonts/type1/public/cm-super/sfbx1728.pfb></usr/share/texmf/
fonts/type1/public/cm-super/sfbx2074.pfb></usr/share/texmf/fonts/type1/public/c
m-super/sfbx2488.pfb></usr/share/texmf/fonts/type1/public/cm-super/sfcc1095.pfb
></usr/share/texmf/fonts/type1/public/cm-super/sfcc1200.pfb></usr/share/texmf/f
onts/type1/public/cm-super/sfrm0700.pfb></usr/share/texmf/fonts/type1/public/cm
-super/sfrm0800.pfb></usr/share/texmf/fonts/type1/public/cm-super/sfrm1000.pfb>
</usr/share/texmf/fonts/type1/public/cm-super/sfrm1095.pfb></usr/share/texmf/fo
nts/type1/public/cm-super/sfrm1200.pfb></usr/share/texmf/fonts/type1/public/cm-
super/sfrm1440.pfb></usr/share/texmf/fonts/type1/public/cm-super/sfss1200.pfb><
/usr/share/texmf/fonts/type1/public/cm-super/sfti1200.pfb></usr/share/texmf/fon
ts/type1/public/cm-super/sfxc1728.pfb>
Output written on Modelo-PPgSC.pdf (26 pages, 610266 bytes).
PDF statistics:
 171 PDF objects out of 1000 (max. 8388607)
 118 compressed objects within 2 object streams
 0 named destinations out of 1000 (max. 500000)
 16 words of extra memory for PDF output out of 10000 (max. 10000000)

